# JRE version: Java(TM) SE Runtime Environment (8.0_151-b12) (build 1.8.0_151-b12)
# Java VM: Java HotSpot(TM) Client VM (25.151-b12 mixed mode windows-x86 )
Heap:
 def new generation   total 4928K, used 1256K [0x04e00000, 0x05350000, 0x0a350000)
  eden space 4416K,  18% used [0x04e00000, 0x04ec7580, 0x05250000)
  from space 512K,  89% used [0x052d0000, 0x05342ba0, 0x05350000)
  to   space 512K,   0% used [0x05250000, 0x05250000, 0x052d0000)
 tenured generation   total 10944K, used 7794K [0x0a350000, 0x0ae00000, 0x14e00000)
   the space 10944K,  71% used [0x0a350000, 0x0aaec8c8, 0x0aaeca00, 0x0ae00000)
 Metaspace       used 10522K, capacity 11218K, committed 11264K, reserved 11648K
GC Heap History (10 events):
Event: 0.724 GC heap before
{Heap before GC invocations=4 (full 0):
 def new generation   total 4928K, used 4928K [0x04e00000, 0x05350000, 0x0a350000)
  eden space 4416K, 100% used [0x04e00000, 0x05250000, 0x05250000)
  from space 512K, 100% used [0x05250000, 0x052d0000, 0x052d0000)
  to   space 512K,   0% used [0x052d0000, 0x052d0000, 0x05350000)
 tenured generation   total 10944K, used 2422K [0x0a350000, 0x0ae00000, 0x14e00000)
   the space 10944K,  22% used [0x0a350000, 0x0a5adac0, 0x0a5adc00, 0x0ae00000)
 Metaspace       used 8073K, capacity 8483K, committed 8576K, reserved 8576K
Event: 0.727 GC heap after
Heap after GC invocations=5 (full 0):
 def new generation   total 4928K, used 298K [0x04e00000, 0x05350000, 0x0a350000)
  eden space 4416K,   0% used [0x04e00000, 0x04e00000, 0x05250000)
  from space 512K,  58% used [0x052d0000, 0x0531ab50, 0x05350000)
  to   space 512K,   0% used [0x05250000, 0x05250000, 0x052d0000)
 tenured generation   total 10944K, used 2923K [0x0a350000, 0x0ae00000, 0x14e00000)
   the space 10944K,  26% used [0x0a350000, 0x0a62afa0, 0x0a62b000, 0x0ae00000)
 Metaspace       used 8073K, capacity 8483K, committed 8576K, reserved 8576K
}
Event: 0.837 GC heap before
{Heap before GC invocations=5 (full 0):
 def new generation   total 4928K, used 4703K [0x04e00000, 0x05350000, 0x0a350000)
  eden space 4416K,  99% used [0x04e00000, 0x0524d330, 0x05250000)
  from space 512K,  58% used [0x052d0000, 0x0531ab50, 0x05350000)
  to   space 512K,   0% used [0x05250000, 0x05250000, 0x052d0000)
 tenured generation   total 10944K, used 2923K [0x0a350000, 0x0ae00000, 0x14e00000)
   the space 10944K,  26% used [0x0a350000, 0x0a62afa0, 0x0a62b000, 0x0ae00000)
 Metaspace       used 9005K, capacity 9509K, committed 9600K, reserved 9600K
Event: 0.839 GC heap after
Heap after GC invocations=6 (full 0):
 def new generation   total 4928K, used 421K [0x04e00000, 0x05350000, 0x0a350000)
  eden space 4416K,   0% used [0x04e00000, 0x04e00000, 0x05250000)
  from space 512K,  82% used [0x05250000, 0x052b9668, 0x052d0000)
  to   space 512K,   0% used [0x052d0000, 0x052d0000, 0x05350000)
 tenured generation   total 10944K, used 3181K [0x0a350000, 0x0ae00000, 0x14e00000)
   the space 10944K,  29% used [0x0a350000, 0x0a66b440, 0x0a66b600, 0x0ae00000)
 Metaspace       used 9005K, capacity 9509K, committed 9600K, reserved 9600K
}
Event: 0.957 GC heap before
{Heap before GC invocations=6 (full 0):
 def new generation   total 4928K, used 4837K [0x04e00000, 0x05350000, 0x0a350000)
  eden space 4416K, 100% used [0x04e00000, 0x05250000, 0x05250000)
  from space 512K,  82% used [0x05250000, 0x052b9668, 0x052d0000)
  to   space 512K,   0% used [0x052d0000, 0x052d0000, 0x05350000)
 tenured generation   total 10944K, used 3181K [0x0a350000, 0x0ae00000, 0x14e00000)
   the space 10944K,  29% used [0x0a350000, 0x0a66b440, 0x0a66b600, 0x0ae00000)
 Metaspace       used 9703K, capacity 10314K, committed 10368K, reserved 10624K
Event: 0.960 GC heap after
Heap after GC invocations=7 (full 0):
 def new generation   total 4928K, used 512K [0x04e00000, 0x05350000, 0x0a350000)
  eden space 4416K,   0% used [0x04e00000, 0x04e00000, 0x05250000)
  from space 512K, 100% used [0x052d0000, 0x05350000, 0x05350000)
  to   space 512K,   0% used [0x05250000, 0x05250000, 0x052d0000)
 tenured generation   total 10944K, used 3917K [0x0a350000, 0x0ae00000, 0x14e00000)
   the space 10944K,  35% used [0x0a350000, 0x0a723630, 0x0a723800, 0x0ae00000)
 Metaspace       used 9703K, capacity 10314K, committed 10368K, reserved 10624K
}
Event: 1.079 GC heap before
{Heap before GC invocations=7 (full 0):
 def new generation   total 4928K, used 4026K [0x04e00000, 0x05350000, 0x0a350000)
  eden space 4416K,  79% used [0x04e00000, 0x0516e880, 0x05250000)
  from space 512K, 100% used [0x052d0000, 0x05350000, 0x05350000)
  to   space 512K,   0% used [0x05250000, 0x05250000, 0x052d0000)
 tenured generation   total 10944K, used 3917K [0x0a350000, 0x0ae00000, 0x14e00000)
   the space 10944K,  35% used [0x0a350000, 0x0a723630, 0x0a723800, 0x0ae00000)
 Metaspace       used 9980K, capacity 10591K, committed 10624K, reserved 10624K
Event: 1.086 GC heap after
Heap after GC invocations=8 (full 0):
 def new generation   total 4928K, used 114K [0x04e00000, 0x05350000, 0x0a350000)
  eden space 4416K,   0% used [0x04e00000, 0x04e00000, 0x05250000)
  from space 512K,  22% used [0x05250000, 0x0526ca38, 0x052d0000)
  to   space 512K,   0% used [0x052d0000, 0x052d0000, 0x05350000)
 tenured generation   total 10944K, used 6770K [0x0a350000, 0x0ae00000, 0x14e00000)
   the space 10944K,  61% used [0x0a350000, 0x0a9ec8b8, 0x0a9eca00, 0x0ae00000)
 Metaspace       used 9980K, capacity 10591K, committed 10624K, reserved 10624K
}
Event: 9.344 GC heap before
{Heap before GC invocations=8 (full 0):
 def new generation   total 4928K, used 4530K [0x04e00000, 0x05350000, 0x0a350000)
  eden space 4416K, 100% used [0x04e00000, 0x05250000, 0x05250000)
  from space 512K,  22% used [0x05250000, 0x0526ca38, 0x052d0000)
  to   space 512K,   0% used [0x052d0000, 0x052d0000, 0x05350000)
 tenured generation   total 10944K, used 6770K [0x0a350000, 0x0ae00000, 0x14e00000)
   the space 10944K,  61% used [0x0a350000, 0x0a9ec8b8, 0x0a9eca00, 0x0ae00000)
 Metaspace       used 10518K, capacity 11210K, committed 11264K, reserved 11648K
Event: 9.353 GC heap after
Heap after GC invocations=9 (full 0):
 def new generation   total 4928K, used 458K [0x04e00000, 0x05350000, 0x0a350000)
  eden space 4416K,   0% used [0x04e00000, 0x04e00000, 0x05250000)
  from space 512K,  89% used [0x052d0000, 0x05342ba0, 0x05350000)
  to   space 512K,   0% used [0x05250000, 0x05250000, 0x052d0000)
 tenured generation   total 10944K, used 7794K [0x0a350000, 0x0ae00000, 0x14e00000)
   the space 10944K,  71% used [0x0a350000, 0x0aaec8c8, 0x0aaeca00, 0x0ae00000)
 Metaspace       used 10518K, capacity 11210K, committed 11264K, reserved 11648K
}

